# JRE version: OpenJDK Runtime Environment (11.0.2+9) (build 11.0.2+9)
# Java VM: OpenJDK 64-Bit Server VM (11.0.2+9, mixed mode, tiered, compressed oops, g1 gc, windows-amd64)
Heap:
 garbage-first heap   total 354304K, used 127833K [0x0000000740000000, 0x0000000800000000)
  region size 1024K, 9 young (9216K), 1 survivors (1024K)
 Metaspace       used 102849K, capacity 104507K, committed 108168K, reserved 1142784K
  class space    used 13779K, capacity 14469K, committed 15744K, reserved 1048576K
GC Heap History (10 events):
Event: 7462.738 GC heap before
{Heap before GC invocations=1695 (full 357):
 garbage-first heap   total 354304K, used 178758K [0x0000000740000000, 0x0000000800000000)
  region size 1024K, 60 young (61440K), 1 survivors (1024K)
 Metaspace       used 102846K, capacity 104507K, committed 108168K, reserved 1142784K
  class space    used 13779K, capacity 14469K, committed 15744K, reserved 1048576K
}
Event: 7462.739 GC heap after
{Heap after GC invocations=1696 (full 357):
 garbage-first heap   total 354304K, used 118340K [0x0000000740000000, 0x0000000800000000)
  region size 1024K, 1 young (1024K), 1 survivors (1024K)
 Metaspace       used 102846K, capacity 104507K, committed 108168K, reserved 1142784K
  class space    used 13779K, capacity 14469K, committed 15744K, reserved 1048576K
}
Event: 7462.855 GC heap before
{Heap before GC invocations=1696 (full 357):
 garbage-first heap   total 354304K, used 178756K [0x0000000740000000, 0x0000000800000000)
  region size 1024K, 60 young (61440K), 1 survivors (1024K)
 Metaspace       used 102846K, capacity 104507K, committed 108168K, reserved 1142784K
  class space    used 13779K, capacity 14469K, committed 15744K, reserved 1048576K
}
Event: 7462.856 GC heap after
{Heap after GC invocations=1697 (full 357):
 garbage-first heap   total 354304K, used 118371K [0x0000000740000000, 0x0000000800000000)
  region size 1024K, 1 young (1024K), 1 survivors (1024K)
 Metaspace       used 102846K, capacity 104507K, committed 108168K, reserved 1142784K
  class space    used 13779K, capacity 14469K, committed 15744K, reserved 1048576K
}
Event: 7464.010 GC heap before
{Heap before GC invocations=1697 (full 357):
 garbage-first heap   total 354304K, used 180835K [0x0000000740000000, 0x0000000800000000)
  region size 1024K, 60 young (61440K), 1 survivors (1024K)
 Metaspace       used 102846K, capacity 104507K, committed 108168K, reserved 1142784K
  class space    used 13779K, capacity 14469K, committed 15744K, reserved 1048576K
}
Event: 7464.012 GC heap after
{Heap after GC invocations=1698 (full 357):
 garbage-first heap   total 354304K, used 120777K [0x0000000740000000, 0x0000000800000000)
  region size 1024K, 1 young (1024K), 1 survivors (1024K)
 Metaspace       used 102846K, capacity 104507K, committed 108168K, reserved 1142784K
  class space    used 13779K, capacity 14469K, committed 15744K, reserved 1048576K
}
Event: 7466.106 GC heap before
{Heap before GC invocations=1698 (full 357):
 garbage-first heap   total 354304K, used 181193K [0x0000000740000000, 0x0000000800000000)
  region size 1024K, 60 young (61440K), 1 survivors (1024K)
 Metaspace       used 102849K, capacity 104507K, committed 108168K, reserved 1142784K
  class space    used 13779K, capacity 14469K, committed 15744K, reserved 1048576K
}
Event: 7466.108 GC heap after
{Heap after GC invocations=1699 (full 357):
 garbage-first heap   total 354304K, used 120903K [0x0000000740000000, 0x0000000800000000)
  region size 1024K, 1 young (1024K), 1 survivors (1024K)
 Metaspace       used 102849K, capacity 104507K, committed 108168K, reserved 1142784K
  class space    used 13779K, capacity 14469K, committed 15744K, reserved 1048576K
}
Event: 7466.217 GC heap before
{Heap before GC invocations=1699 (full 357):
 garbage-first heap   total 354304K, used 181319K [0x0000000740000000, 0x0000000800000000)
  region size 1024K, 60 young (61440K), 1 survivors (1024K)
 Metaspace       used 102849K, capacity 104507K, committed 108168K, reserved 1142784K
  class space    used 13779K, capacity 14469K, committed 15744K, reserved 1048576K
}
Event: 7466.218 GC heap after
{Heap after GC invocations=1700 (full 357):
 garbage-first heap   total 354304K, used 120665K [0x0000000740000000, 0x0000000800000000)
  region size 1024K, 1 young (1024K), 1 survivors (1024K)
 Metaspace       used 102849K, capacity 104507K, committed 108168K, reserved 1142784K
  class space    used 13779K, capacity 14469K, committed 15744K, reserved 1048576K
}

